<?xml version="1.0" encoding="UTF-8"?>
<!-- Generated by org.testng.reporters.JUnitXMLReporter -->
<testsuite ignored="0" hostname="PC12479" failures="0" tests="6" name="Command line test" time="19.119" errors="0" timestamp="30 Jul 2021 16:22:04 GMT">
  <testcase classname="com.qa.everlight.tests.computerdatabase.computerDatabaseTestSuite" name="createAComputerWithInvalidComputerName" time="1.797"/>
  <testcase classname="com.qa.everlight.tests.computerdatabase.computerDatabaseTestSuite" name="createAComputerWithValidAndInvalidValue" time="1.54"/>
  <testcase classname="com.qa.everlight.tests.computerdatabase.computerDatabaseTestSuite" name="createANewComputer" time="1.872"/>
  <testcase classname="com.qa.everlight.tests.computerdatabase.computerDatabaseTestSuite" name="deleteComputerInformation" time="2.209"/>
  <testcase classname="com.qa.everlight.tests.computerdatabase.computerDatabaseTestSuite" name="getDataForValidComputerName" time="0.863"/>
  <testcase classname="com.qa.everlight.tests.computerdatabase.computerDatabaseTestSuite" name="updateComputerInformation" time="2.323"/>
</testsuite> <!-- Command line test -->
